0 info it worked if it ends with ok
1 verbose cli [ 'C:\\Program Files\\nodejs\\node.exe',
1 verbose cli   'C:\\Program Files\\nodejs\\node_modules\\npm\\bin\\npm-cli.js',
1 verbose cli   'run',
1 verbose cli   'lite' ]
2 info using npm@3.3.12
3 info using node@v5.1.0
4 verbose run-script [ 'prelite', 'lite', 'postlite' ]
5 info lifecycle ng-crack@1.0.0~prelite: ng-crack@1.0.0
6 silly lifecycle ng-crack@1.0.0~prelite: no script for prelite, continuing
7 info lifecycle ng-crack@1.0.0~lite: ng-crack@1.0.0
8 verbose lifecycle ng-crack@1.0.0~lite: unsafe-perm in lifecycle true
9 verbose lifecycle ng-crack@1.0.0~lite: PATH: C:\Program Files\nodejs\node_modules\npm\bin\node-gyp-bin;D:\ANGULAR-2\ng-crack\node_modules\.bin;C:\Program Files\nodejs\node_modules\npm\bin\node-gyp-bin;D:\ANGULAR-2\ng-crack\node_modules\.bin;C:\ProgramData\Oracle\Java\javapath;C:\Windows\system32;C:\Windows;C:\Windows\System32\Wbem;C:\Windows\System32\WindowsPowerShell\v1.0\;C:\Program Files\Microsoft SQL Server\Client SDK\ODBC\110\Tools\Binn\;C:\Program Files (x86)\Microsoft SQL Server\120\Tools\Binn\ManagementStudio\;C:\Program Files (x86)\Microsoft SQL Server\120\Tools\Binn\;C:\Program Files\Microsoft SQL Server\120\Tools\Binn\;C:\Program Files (x86)\Microsoft SQL Server\120\DTS\Binn\;C:\Program Files\Microsoft SQL Server\120\DTS\Binn\;C:\Program Files\Perforce;C:\Program Files\Perforce\DVCS\;C:\Program Files\nodejs\;C:\Program Files (x86)\Skype\Phone\;C:\Program Files (x86)\sbt\\bin;C:\Users\indianic\AppData\Roaming\npm;C:\Program Files\Java\jdk1.8.0_20\bin
10 verbose lifecycle ng-crack@1.0.0~lite: CWD: D:\ANGULAR-2\ng-crack
11 silly lifecycle ng-crack@1.0.0~lite: Args: [ '/d /s /c', 'lite-server' ]
12 silly lifecycle ng-crack@1.0.0~lite: Returned: code: 1  signal: null
13 info lifecycle ng-crack@1.0.0~lite: Failed to exec lite script
14 verbose stack Error: ng-crack@1.0.0 lite: `lite-server`
14 verbose stack Exit status 1
14 verbose stack     at EventEmitter.<anonymous> (C:\Program Files\nodejs\node_modules\npm\lib\utils\lifecycle.js:232:16)
14 verbose stack     at emitTwo (events.js:87:13)
14 verbose stack     at EventEmitter.emit (events.js:172:7)
14 verbose stack     at ChildProcess.<anonymous> (C:\Program Files\nodejs\node_modules\npm\lib\utils\spawn.js:24:14)
14 verbose stack     at emitTwo (events.js:87:13)
14 verbose stack     at ChildProcess.emit (events.js:172:7)
14 verbose stack     at maybeClose (internal/child_process.js:818:16)
14 verbose stack     at Process.ChildProcess._handle.onexit (internal/child_process.js:211:5)
15 verbose pkgid ng-crack@1.0.0
16 verbose cwd D:\ANGULAR-2\ng-crack
17 error Windows_NT 6.3.9600
18 error argv "C:\\Program Files\\nodejs\\node.exe" "C:\\Program Files\\nodejs\\node_modules\\npm\\bin\\npm-cli.js" "run" "lite"
19 error node v5.1.0
20 error npm  v3.3.12
21 error code ELIFECYCLE
22 error ng-crack@1.0.0 lite: `lite-server`
22 error Exit status 1
23 error Failed at the ng-crack@1.0.0 lite script 'lite-server'.
23 error Make sure you have the latest version of node.js and npm installed.
23 error If you do, this is most likely a problem with the ng-crack package,
23 error not with npm itself.
23 error Tell the author that this fails on your system:
23 error     lite-server
23 error You can get their info via:
23 error     npm owner ls ng-crack
23 error There is likely additional logging output above.
24 verbose exit [ 1, true ]
